2021-12-03 00:19:52,942, Feature on 1: not found,
2021-12-03 00:19:53,673, Feature on 1: not found, 
2021-12-03 00:19:53,707, Feature on 2: George Franklin, 
2021-12-03 00:19:53,724, Number of searches to get it right for enabled: ,2
2021-12-03 00:19:53,731, Feature off 1: not found, 
2021-12-03 00:19:53,776, Feature off 2: Franklin George, 
2021-12-03 00:19:53,783, Number of searches to get it right for disabled: ,1
2021-12-03 00:19:53,786, Feature on 1: not found, 
2021-12-03 00:19:53,828, Feature on 2: George Franklin, 
2021-12-03 00:19:53,830, Number of searches to get it right for enabled: ,1
2021-12-03 00:19:53,834, Feature on 1: not found, 
2021-12-03 00:19:53,864, Feature on 1: not found, 
2021-12-03 00:19:53,927, Feature on 2: George Franklin, 
2021-12-03 00:19:53,936, Number of searches to get it right for enabled: ,2
2021-12-03 00:19:53,941, Feature off 1: not found, 
2021-12-03 00:19:53,983, Feature off 1: not found, 
2021-12-03 00:19:54,005, Feature off 2: Franklin George, 
2021-12-03 00:19:54,007, Number of searches to get it right for disabled: ,2
2021-12-03 00:19:54,009, Feature off 1: not found, 
2021-12-03 00:19:54,031, Feature off 1: not found, 
2021-12-03 00:19:54,051, Feature off 1: not found, 
2021-12-03 00:19:54,071, Feature off 1: not found, 
2021-12-03 00:19:54,089, Feature off 2: Franklin George, 
2021-12-03 00:19:54,091, Number of searches to get it right for disabled: ,4
2021-12-03 00:19:54,094, Feature on 1: not found, 
2021-12-03 00:19:54,112, Feature on 1: not found, 
2021-12-03 00:19:54,131, Feature on 2: George Franklin, 
2021-12-03 00:19:54,133, Number of searches to get it right for enabled: ,2
2021-12-03 00:19:54,135, Feature on 1: not found, 
2021-12-03 00:19:54,164, Feature on 1: not found, 
2021-12-03 00:19:54,223, Feature on 2: George Franklin, 
2021-12-03 00:19:54,225, Number of searches to get it right for enabled: ,2
2021-12-03 00:19:54,228, Feature off 1: not found, 
2021-12-03 00:19:54,258, Feature off 1: not found, 
2021-12-03 00:19:54,286, Feature off 2: Franklin George, 
2021-12-03 00:19:54,288, Number of searches to get it right for disabled: ,2
2021-12-03 00:19:54,291, Feature off 1: not found, 
2021-12-03 00:19:54,315, Feature off 1: not found, 
2021-12-03 00:19:54,336, Feature off 1: not found, 
2021-12-03 00:19:54,369, Feature off 1: not found, 
2021-12-03 00:19:54,397, Feature off 2: Franklin George, 
2021-12-03 00:19:54,400, Number of searches to get it right for disabled: ,4
2021-12-03 00:19:54,402, Feature off 1: not found, 
2021-12-03 00:19:54,435, Feature off 1: not found, 
2021-12-03 00:19:54,462, Feature off 1: not found, 
2021-12-03 00:19:54,480, Feature off 2: Franklin George, 
2021-12-03 00:19:54,484, Number of searches to get it right for disabled: ,3
2021-12-03 00:19:54,489, Feature off 1: not found, 
2021-12-03 00:19:54,512, Feature off 1: not found, 
2021-12-03 00:19:54,536, Feature off 2: Franklin George, 
2021-12-03 00:19:54,538, Number of searches to get it right for disabled: ,2
2021-12-03 00:19:54,542, Feature on 1: not found, 
2021-12-03 00:19:54,571, Feature on 2: George Franklin, 
2021-12-03 00:19:54,577, Number of searches to get it right for enabled: ,1
2021-12-03 00:19:54,583, Feature on 1: not found, 
2021-12-03 00:19:54,618, Feature on 2: George Franklin, 
2021-12-03 00:19:54,621, Number of searches to get it right for enabled: ,1
2021-12-03 00:19:54,625, Feature off 1: not found, 
2021-12-03 00:19:54,664, Feature off 1: not found, 
2021-12-03 00:19:54,696, Feature off 2: Franklin George, 
2021-12-03 00:19:54,698, Number of searches to get it right for disabled: ,2
2021-12-03 00:19:54,702, Feature on 1: not found, 
2021-12-03 00:19:54,729, Feature on 1: not found, 
2021-12-03 00:19:54,754, Feature on 2: George Franklin, 
2021-12-03 00:19:54,777, Number of searches to get it right for enabled: ,2
2021-12-03 00:19:54,780, Feature on 1: not found, 
2021-12-03 00:19:54,812, Feature on 1: not found, 
2021-12-03 00:19:54,842, Feature on 2: George Franklin, 
2021-12-03 00:19:54,845, Number of searches to get it right for enabled: ,2
2021-12-03 00:19:54,850, Feature off 1: not found, 
2021-12-03 00:19:54,880, Feature off 1: not found, 
2021-12-03 00:19:54,912, Feature off 1: not found, 
2021-12-03 00:19:54,935, Feature off 2: Franklin George, 
2021-12-03 00:19:54,940, Number of searches to get it right for disabled: ,3
2021-12-03 00:19:54,942, Feature off 1: not found, 
2021-12-03 00:19:54,959, Feature off 1: not found, 
2021-12-03 00:19:54,976, Feature off 1: not found, 
2021-12-03 00:19:54,990, Feature off 1: not found, 
2021-12-03 00:19:55,002, Feature off 2: Franklin George, 
2021-12-03 00:19:55,004, Number of searches to get it right for disabled: ,4
2021-12-03 00:19:55,006, Feature off 1: not found, 
2021-12-03 00:19:55,026, Feature off 1: not found, 
2021-12-03 00:19:55,062, Feature off 1: not found, 
2021-12-03 00:19:55,135, Feature off 2: Franklin George, 
2021-12-03 00:19:55,137, Number of searches to get it right for disabled: ,3
2021-12-03 00:19:55,139, Feature off 1: not found, 
2021-12-03 00:19:55,163, Feature off 1: not found, 
2021-12-03 00:19:55,185, Feature off 2: Franklin George, 
2021-12-03 00:19:55,186, Number of searches to get it right for disabled: ,2
2021-12-03 00:19:55,189, Feature off 1: not found, 
2021-12-03 00:19:55,212, Feature off 1: not found, 
2021-12-03 00:19:55,232, Feature off 2: Franklin George, 
2021-12-03 00:19:55,234, Number of searches to get it right for disabled: ,2
2021-12-03 00:19:55,236, Feature off 1: not found, 
2021-12-03 00:19:55,271, Feature off 2: Franklin George, 
2021-12-03 00:19:55,274, Number of searches to get it right for disabled: ,1
2021-12-03 00:19:55,284, Feature off 1: not found, 
2021-12-03 00:19:55,370, Feature off 1: not found, 
2021-12-03 00:19:55,393, Feature off 2: Franklin George, 
2021-12-03 00:19:55,395, Number of searches to get it right for disabled: ,2
2021-12-03 00:19:55,397, Feature on 1: not found, 
2021-12-03 00:19:55,416, Feature on 1: not found, 
2021-12-03 00:19:55,434, Feature on 2: George Franklin, 
2021-12-03 00:19:55,436, Number of searches to get it right for enabled: ,2
2021-12-03 00:19:55,437, Feature off 1: not found, 
2021-12-03 00:19:55,457, Feature off 1: not found, 
2021-12-03 00:19:55,502, Feature off 1: not found, 
2021-12-03 00:19:55,555, Feature off 1: not found, 
2021-12-03 00:19:55,583, Feature off 1: not found, 
2021-12-03 00:19:55,613, Feature off 2: Franklin George, 
2021-12-03 00:19:55,615, Number of searches to get it right for disabled: ,5
2021-12-03 00:19:55,618, Feature off 1: not found, 
2021-12-03 00:19:55,640, Feature off 1: not found, 
2021-12-03 00:19:55,656, Feature off 1: not found, 
2021-12-03 00:19:55,673, Feature off 2: Franklin George, 
2021-12-03 00:19:55,675, Number of searches to get it right for disabled: ,3
2021-12-03 00:19:55,677, Feature off 1: not found, 
2021-12-03 00:19:55,695, Feature off 1: not found, 
2021-12-03 00:19:55,735, Feature off 1: not found, 
2021-12-03 00:19:55,798, Feature off 2: Franklin George, 
2021-12-03 00:19:55,801, Number of searches to get it right for disabled: ,3
2021-12-03 00:19:55,828, Feature on 1: not found, 
2021-12-03 00:19:55,853, Feature on 2: George Franklin, 
2021-12-03 00:19:55,855, Number of searches to get it right for enabled: ,1
2021-12-03 00:19:55,857, Feature off 1: not found, 
2021-12-03 00:19:55,878, Feature off 1: not found, 
2021-12-03 00:19:55,897, Feature off 1: not found, 
2021-12-03 00:19:55,918, Feature off 2: Franklin George, 
2021-12-03 00:19:55,920, Number of searches to get it right for disabled: ,3
2021-12-03 00:19:55,921, Feature on 1: not found, 
2021-12-03 00:19:55,940, Feature on 2: George Franklin, 
2021-12-03 00:19:55,942, Number of searches to get it right for enabled: ,1
2021-12-03 00:19:55,944, Feature off 1: not found, 
2021-12-03 00:19:55,991, Feature off 1: not found, 
2021-12-03 00:19:56,053, Feature off 2: Franklin George, 
2021-12-03 00:19:56,056, Number of searches to get it right for disabled: ,2
2021-12-03 00:19:56,070, Feature off 1: not found, 
2021-12-03 00:19:56,093, Feature off 2: Franklin George, 
2021-12-03 00:19:56,096, Number of searches to get it right for disabled: ,1
2021-12-03 00:19:56,098, Feature off 1: not found, 
2021-12-03 00:19:56,119, Feature off 1: not found, 
2021-12-03 00:19:56,141, Feature off 2: Franklin George, 
2021-12-03 00:19:56,142, Number of searches to get it right for disabled: ,2
2021-12-03 00:19:56,144, Feature off 1: not found, 
2021-12-03 00:19:56,163, Feature off 1: not found, 
2021-12-03 00:19:56,184, Feature off 2: Franklin George, 
2021-12-03 00:19:56,186, Number of searches to get it right for disabled: ,2
2021-12-03 00:19:56,188, Feature off 1: not found, 
2021-12-03 00:19:56,231, Feature off 1: not found, 
2021-12-03 00:19:56,278, Feature off 1: not found, 
2021-12-03 00:19:56,364, Feature off 1: not found, 
2021-12-03 00:19:56,384, Feature off 2: Franklin George, 
2021-12-03 00:19:56,386, Number of searches to get it right for disabled: ,4
2021-12-03 00:19:56,387, Feature off 1: not found, 
2021-12-03 00:19:56,405, Feature off 1: not found, 
2021-12-03 00:19:56,422, Feature off 1: not found, 
2021-12-03 00:19:56,467, Feature off 2: Franklin George, 
2021-12-03 00:19:56,470, Number of searches to get it right for disabled: ,3
2021-12-03 00:19:56,473, Feature off 1: not found, 
2021-12-03 00:19:56,500, Feature off 1: not found, 
2021-12-03 00:19:56,521, Feature off 1: not found, 
2021-12-03 00:19:56,551, Feature off 2: Franklin George, 
2021-12-03 00:19:56,553, Number of searches to get it right for disabled: ,3
2021-12-03 00:19:56,555, Feature off 1: not found, 
2021-12-03 00:19:56,575, Feature off 1: not found, 
2021-12-03 00:19:56,596, Feature off 1: not found, 
2021-12-03 00:19:56,617, Feature off 2: Franklin George, 
2021-12-03 00:19:56,618, Number of searches to get it right for disabled: ,3
2021-12-03 00:19:56,621, Feature off 1: not found, 
2021-12-03 00:19:56,639, Feature off 1: not found, 
2021-12-03 00:19:56,659, Feature off 2: Franklin George, 
2021-12-03 00:19:56,661, Number of searches to get it right for disabled: ,2
2021-12-03 00:19:56,663, Feature on 1: not found, 
2021-12-03 00:19:56,703, Feature on 1: not found, 
2021-12-03 00:19:56,728, Feature on 2: George Franklin, 
2021-12-03 00:19:56,734, Number of searches to get it right for enabled: ,2
2021-12-03 00:19:56,736, Feature off 1: not found, 
2021-12-03 00:19:56,794, Feature off 1: not found, 
2021-12-03 00:19:56,837, Feature off 1: not found, 
2021-12-03 00:19:56,867, Feature off 2: Franklin George, 
2021-12-03 00:19:56,868, Number of searches to get it right for disabled: ,3
2021-12-03 00:19:56,870, Feature off 1: not found, 
2021-12-03 00:19:56,887, Feature off 1: not found, 
2021-12-03 00:19:56,905, Feature off 2: Franklin George, 
2021-12-03 00:19:56,907, Number of searches to get it right for disabled: ,2
2021-12-03 00:19:56,909, Feature on 1: not found, 
2021-12-03 00:19:56,970, Feature on 1: not found, 
2021-12-03 00:19:56,999, Feature on 2: George Franklin, 
2021-12-03 00:19:57,001, Number of searches to get it right for enabled: ,2
2021-12-03 00:19:57,005, Feature off 1: not found, 
2021-12-03 00:19:57,062, Feature off 1: not found, 
2021-12-03 00:19:57,091, Feature off 1: not found, 
2021-12-03 00:19:57,111, Feature off 1: not found, 
2021-12-03 00:19:57,131, Feature off 2: Franklin George, 
2021-12-03 00:19:57,133, Number of searches to get it right for disabled: ,4
2021-12-03 00:19:57,135, Feature off 1: not found, 
2021-12-03 00:19:57,154, Feature off 1: not found, 
2021-12-03 00:19:57,169, Feature off 1: not found, 
2021-12-03 00:19:57,195, Feature off 2: Franklin George, 
2021-12-03 00:19:57,197, Number of searches to get it right for disabled: ,3
2021-12-03 00:19:57,200, Feature on 1: not found, 
2021-12-03 00:19:57,235, Feature on 2: George Franklin, 
2021-12-03 00:19:57,238, Number of searches to get it right for enabled: ,1
2021-12-03 00:19:57,240, Feature off 1: not found, 
2021-12-03 00:19:57,288, Feature off 1: not found, 
2021-12-03 00:19:57,320, Feature off 1: not found, 
2021-12-03 00:19:57,342, Feature off 1: not found, 
2021-12-03 00:19:57,368, Feature off 2: Franklin George, 
2021-12-03 00:19:57,370, Number of searches to get it right for disabled: ,4
2021-12-03 00:19:57,372, Feature off 1: not found, 
2021-12-03 00:19:57,394, Feature off 1: not found, 
2021-12-03 00:19:57,448, Feature off 2: Franklin George, 
2021-12-03 00:19:57,461, Number of searches to get it right for disabled: ,2
2021-12-03 00:19:57,477, Feature off 1: not found, 
2021-12-03 00:19:57,536, Feature off 1: not found, 
2021-12-03 00:19:57,559, Feature off 1: not found, 
2021-12-03 00:19:57,580, Feature off 2: Franklin George, 
2021-12-03 00:19:57,583, Number of searches to get it right for disabled: ,3
2021-12-03 00:19:57,588, Feature on 1: not found, 
2021-12-03 00:19:57,606, Feature on 1: not found, 
2021-12-03 00:19:57,648, Feature on 2: George Franklin, 
2021-12-03 00:19:57,654, Number of searches to get it right for enabled: ,2
2021-12-03 00:19:57,656, Feature off 1: not found, 
2021-12-03 00:19:57,742, Feature off 2: Franklin George, 
2021-12-03 00:19:57,747, Number of searches to get it right for disabled: ,1
2021-12-03 00:19:57,750, Feature on 1: not found, 
2021-12-03 00:19:57,792, Feature on 2: George Franklin, 
2021-12-03 00:19:57,794, Number of searches to get it right for enabled: ,1
2021-12-03 00:19:57,800, Feature off 1: not found, 
2021-12-03 00:19:57,821, Feature off 1: not found, 
2021-12-03 00:19:57,841, Feature off 2: Franklin George, 
2021-12-03 00:19:57,843, Number of searches to get it right for disabled: ,2
2021-12-03 00:19:57,845, Feature on 1: not found, 
2021-12-03 00:19:57,866, Feature on 2: George Franklin, 
2021-12-03 00:19:57,868, Number of searches to get it right for enabled: ,1
2021-12-03 00:19:57,870, Feature off 1: not found, 
2021-12-03 00:19:57,896, Feature off 1: not found, 
2021-12-03 00:19:57,917, Feature off 1: not found, 
2021-12-03 00:19:57,940, Feature off 2: Franklin George, 
2021-12-03 00:19:57,942, Number of searches to get it right for disabled: ,3
2021-12-03 00:19:57,944, Feature off 1: not found, 
2021-12-03 00:19:57,984, Feature off 1: not found, 
2021-12-03 00:19:58,077, Feature off 1: not found, 
2021-12-03 00:19:58,128, Feature off 2: Franklin George, 
2021-12-03 00:19:58,130, Number of searches to get it right for disabled: ,3
2021-12-03 00:19:58,133, Feature off 1: not found, 
2021-12-03 00:19:58,150, Feature off 1: not found, 
2021-12-03 00:19:58,168, Feature off 1: not found, 
2021-12-03 00:19:58,186, Feature off 1: not found, 
2021-12-03 00:19:58,229, Feature off 2: Franklin George, 
2021-12-03 00:19:58,231, Number of searches to get it right for disabled: ,4
2021-12-03 00:19:58,233, Feature off 1: not found, 
2021-12-03 00:19:58,256, Feature off 1: not found, 
2021-12-03 00:19:58,284, Feature off 1: not found, 
2021-12-03 00:19:58,303, Feature off 1: not found, 
2021-12-03 00:19:58,332, Feature off 2: Franklin George, 
2021-12-03 00:19:58,336, Number of searches to get it right for disabled: ,4
2021-12-03 00:19:58,338, Feature on 1: not found, 
2021-12-03 00:19:58,359, Feature on 2: George Franklin, 
2021-12-03 00:19:58,361, Number of searches to get it right for enabled: ,1
2021-12-03 00:19:58,363, Feature off 1: not found, 
2021-12-03 00:19:58,384, Feature off 2: Franklin George, 
2021-12-03 00:19:58,386, Number of searches to get it right for disabled: ,1
2021-12-03 00:19:58,388, Feature on 1: not found, 
2021-12-03 00:19:58,409, Feature on 1: not found, 
2021-12-03 00:19:58,429, Feature on 2: George Franklin, 
2021-12-03 00:19:58,431, Number of searches to get it right for enabled: ,2
2021-12-03 00:19:58,433, Feature off 1: not found, 
2021-12-03 00:19:58,455, Feature off 1: not found, 
2021-12-03 00:19:58,488, Feature off 2: Franklin George, 
2021-12-03 00:19:58,490, Number of searches to get it right for disabled: ,2
2021-12-03 00:19:58,505, Feature off 1: not found, 
2021-12-03 00:19:58,561, Feature off 1: not found, 
2021-12-03 00:19:58,582, Feature off 1: not found, 
2021-12-03 00:19:58,598, Feature off 2: Franklin George, 
2021-12-03 00:19:58,600, Number of searches to get it right for disabled: ,3
2021-12-03 00:19:58,601, Feature off 1: not found, 
2021-12-03 00:19:58,614, Feature off 1: not found, 
2021-12-03 00:19:58,633, Feature off 2: Franklin George, 
2021-12-03 00:19:58,634, Number of searches to get it right for disabled: ,2
2021-12-03 00:19:58,637, Feature off 1: not found, 
2021-12-03 00:19:58,658, Feature off 1: not found, 
2021-12-03 00:19:58,679, Feature off 2: Franklin George, 
2021-12-03 00:19:58,681, Number of searches to get it right for disabled: ,2
2021-12-03 00:19:58,684, Feature on 1: not found, 
2021-12-03 00:19:58,711, Feature on 1: not found, 
2021-12-03 00:19:58,755, Feature on 2: George Franklin, 
2021-12-03 00:19:58,756, Number of searches to get it right for enabled: ,2
2021-12-03 00:19:58,758, Feature off 1: not found, 
2021-12-03 00:19:58,777, Feature off 1: not found, 
2021-12-03 00:19:58,797, Feature off 2: Franklin George, 
2021-12-03 00:19:58,799, Number of searches to get it right for disabled: ,2
2021-12-03 00:19:58,801, Feature off 1: not found, 
2021-12-03 00:19:58,821, Feature off 1: not found, 
2021-12-03 00:19:58,842, Feature off 1: not found, 
2021-12-03 00:19:58,891, Feature off 2: Franklin George, 
2021-12-03 00:19:58,894, Number of searches to get it right for disabled: ,3
2021-12-03 00:19:58,896, Feature off 1: not found, 
2021-12-03 00:19:58,974, Feature off 2: Franklin George, 
2021-12-03 00:19:58,975, Number of searches to get it right for disabled: ,1
2021-12-03 00:19:58,978, Feature off 1: not found, 
2021-12-03 00:19:58,998, Feature off 1: not found, 
2021-12-03 00:19:59,026, Feature off 2: Franklin George, 
2021-12-03 00:19:59,027, Number of searches to get it right for disabled: ,2
2021-12-03 00:19:59,030, Feature off 1: not found, 
2021-12-03 00:19:59,050, Feature off 1: not found, 
2021-12-03 00:19:59,070, Feature off 2: Franklin George, 
2021-12-03 00:19:59,071, Number of searches to get it right for disabled: ,2
2021-12-03 00:19:59,073, Feature on 1: not found, 
2021-12-03 00:19:59,092, Feature on 2: George Franklin, 
2021-12-03 00:19:59,094, Number of searches to get it right for enabled: ,1
2021-12-03 00:19:59,096, Feature off 1: not found, 
2021-12-03 00:19:59,129, Feature off 1: not found, 
2021-12-03 00:19:59,155, Feature off 1: not found, 
2021-12-03 00:19:59,201, Feature off 2: Franklin George, 
2021-12-03 00:19:59,211, Number of searches to get it right for disabled: ,3
2021-12-03 00:19:59,213, Feature on 1: not found, 
2021-12-03 00:19:59,238, Feature on 2: George Franklin, 
2021-12-03 00:19:59,241, Number of searches to get it right for enabled: ,1
2021-12-03 00:19:59,243, Feature off 1: not found, 
2021-12-03 00:19:59,269, Feature off 1: not found, 
2021-12-03 00:19:59,289, Feature off 1: not found, 
2021-12-03 00:19:59,313, Feature off 2: Franklin George, 
2021-12-03 00:19:59,325, Number of searches to get it right for disabled: ,3
2021-12-03 00:19:59,328, Feature off 1: not found, 
2021-12-03 00:19:59,357, Feature off 2: Franklin George, 
2021-12-03 00:19:59,359, Number of searches to get it right for disabled: ,1
2021-12-03 00:19:59,364, Feature on 1: not found, 
2021-12-03 00:19:59,410, Feature on 1: not found, 
2021-12-03 00:19:59,440, Feature on 2: George Franklin, 
2021-12-03 00:19:59,445, Number of searches to get it right for enabled: ,2
2021-12-03 00:19:59,447, Feature off 1: not found, 
2021-12-03 00:19:59,474, Feature off 2: Franklin George, 
2021-12-03 00:19:59,475, Number of searches to get it right for disabled: ,1
2021-12-03 00:19:59,477, Feature on 1: not found, 
2021-12-03 00:19:59,497, Feature on 2: George Franklin, 
2021-12-03 00:19:59,498, Number of searches to get it right for enabled: ,1
2021-12-03 00:19:59,500, Feature off 1: not found, 
2021-12-03 00:19:59,517, Feature off 1: not found, 
2021-12-03 00:19:59,532, Feature off 2: Franklin George, 
2021-12-03 00:19:59,533, Number of searches to get it right for disabled: ,2
2021-12-03 00:19:59,535, Feature on 1: not found, 
2021-12-03 00:19:59,553, Feature on 1: not found, 
2021-12-03 00:19:59,600, Feature on 2: George Franklin, 
2021-12-03 00:19:59,603, Number of searches to get it right for enabled: ,2
2021-12-03 00:19:59,635, Feature off 1: not found, 
2021-12-03 00:19:59,670, Feature off 1: not found, 
2021-12-03 00:19:59,692, Feature off 1: not found, 
2021-12-03 00:19:59,714, Feature off 2: Franklin George, 
2021-12-03 00:19:59,715, Number of searches to get it right for disabled: ,3
2021-12-03 00:19:59,717, Feature on 1: not found, 
2021-12-03 00:19:59,738, Feature on 2: George Franklin, 
2021-12-03 00:19:59,739, Number of searches to get it right for enabled: ,1
2021-12-03 00:19:59,744, Feature off 1: not found, 
2021-12-03 00:19:59,764, Feature off 1: not found, 
2021-12-03 00:19:59,785, Feature off 2: Franklin George, 
2021-12-03 00:19:59,787, Number of searches to get it right for disabled: ,2
2021-12-03 00:19:59,788, Feature off 1: not found, 
2021-12-03 00:19:59,808, Feature off 1: not found, 
2021-12-03 00:19:59,829, Feature off 1: not found, 
2021-12-03 00:19:59,853, Feature off 2: Franklin George, 
2021-12-03 00:19:59,855, Number of searches to get it right for disabled: ,3
2021-12-03 00:19:59,857, Feature on 1: not found, 
2021-12-03 00:19:59,929, Feature on 2: George Franklin, 
2021-12-03 00:19:59,930, Number of searches to get it right for enabled: ,1
2021-12-03 00:19:59,933, Feature off 1: not found, 
2021-12-03 00:19:59,973, Feature off 1: not found, 
2021-12-03 00:19:59,992, Feature off 1: not found, 
2021-12-03 00:20:00,011, Feature off 1: not found, 
2021-12-03 00:20:00,038, Feature off 2: Franklin George, 
2021-12-03 00:20:00,047, Number of searches to get it right for disabled: ,4
2021-12-03 00:20:00,103, Feature off 1: not found, 
2021-12-03 00:20:00,143, Feature off 1: not found, 
2021-12-03 00:20:00,163, Feature off 1: not found, 
2021-12-03 00:20:00,180, Feature off 1: not found, 
2021-12-03 00:20:00,196, Feature off 2: Franklin George, 
2021-12-03 00:20:00,198, Number of searches to get it right for disabled: ,4
2021-12-03 00:20:00,199, Feature on 1: not found, 
2021-12-03 00:20:00,216, Feature on 1: not found, 
2021-12-03 00:20:00,232, Feature on 2: George Franklin, 
2021-12-03 00:20:00,233, Number of searches to get it right for enabled: ,2
2021-12-03 00:20:00,234, Feature on 1: not found, 
2021-12-03 00:20:00,251, Feature on 2: George Franklin, 
2021-12-03 00:20:00,280, Number of searches to get it right for enabled: ,1
2021-12-03 00:20:00,283, Feature off 1: not found, 
2021-12-03 00:20:00,311, Feature off 1: not found, 
2021-12-03 00:20:00,372, Feature off 1: not found, 
2021-12-03 00:20:00,391, Feature off 2: Franklin George, 
2021-12-03 00:20:00,393, Number of searches to get it right for disabled: ,3
2021-12-03 00:20:00,396, Feature off 1: not found, 
2021-12-03 00:20:00,412, Feature off 1: not found, 
2021-12-03 00:20:00,430, Feature off 1: not found, 
2021-12-03 00:20:00,447, Feature off 1: not found, 
2021-12-03 00:20:00,463, Feature off 2: Franklin George, 
2021-12-03 00:20:00,464, Number of searches to get it right for disabled: ,4
2021-12-03 00:20:00,466, Feature on 1: not found, 
2021-12-03 00:20:00,486, Feature on 2: George Franklin, 
2021-12-03 00:20:00,487, Number of searches to get it right for enabled: ,1
2021-12-03 00:20:00,496, Feature off 1: not found, 
2021-12-03 00:20:00,514, Feature off 2: Franklin George, 
2021-12-03 00:20:00,515, Number of searches to get it right for disabled: ,1
2021-12-03 00:20:00,517, Feature on 1: not found, 
2021-12-03 00:20:00,540, Feature on 2: George Franklin, 
2021-12-03 00:20:00,544, Number of searches to get it right for enabled: ,1
2021-12-03 00:20:00,546, Feature off 1: not found, 
2021-12-03 00:20:00,581, Feature off 1: not found, 
2021-12-03 00:20:00,610, Feature off 1: not found, 
2021-12-03 00:20:00,629, Feature off 1: not found, 
2021-12-03 00:20:00,646, Feature off 1: not found, 
2021-12-03 00:20:00,662, Feature off 2: Franklin George, 
2021-12-03 00:20:00,663, Number of searches to get it right for disabled: ,5
2021-12-03 00:20:00,665, Feature off 1: not found, 
2021-12-03 00:20:00,679, Feature off 1: not found, 
2021-12-03 00:20:00,694, Feature off 1: not found, 
2021-12-03 00:20:00,736, Feature off 1: not found, 
2021-12-03 00:20:00,763, Feature off 2: Franklin George, 
2021-12-03 00:20:00,764, Number of searches to get it right for disabled: ,4
2021-12-03 00:20:00,767, Feature on 1: not found, 
2021-12-03 00:20:00,800, Feature on 2: George Franklin, 
2021-12-03 00:20:00,801, Number of searches to get it right for enabled: ,1
2021-12-03 00:20:00,803, Feature off 1: not found, 
2021-12-03 00:20:00,827, Feature off 2: Franklin George, 
2021-12-03 00:20:00,829, Number of searches to get it right for disabled: ,1
